<?xml version="1.0" encoding="UTF-8"?>
<testng-results skipped="0" failed="0" ignored="0" total="3" passed="3">
  <reporter-output>
  </reporter-output>
  <suite name="Default suite" duration-ms="3297" started-at="2020-10-27T07:03:09Z" finished-at="2020-10-27T07:03:12Z">
    <groups>
    </groups>
    <test name="Default test" duration-ms="3297" started-at="2020-10-27T07:03:09Z" finished-at="2020-10-27T07:03:12Z">
      <class name="StepsDefinition.TestRunner">
        <test-method status="PASS" signature="api_foreign_exchange()[pri:0, instance:StepsDefinition.TestRunner@3a5d684f]" name="api_foreign_exchange" duration-ms="746" started-at="2020-10-27T07:03:09Z" finished-at="2020-10-27T07:03:10Z">
          <reporter-output>
          </reporter-output>
        </test-method> <!-- api_foreign_exchange -->
        <test-method status="PASS" signature="posted_with_correct_Information()[pri:0, instance:StepsDefinition.TestRunner@3a5d684f]" name="posted_with_correct_Information" duration-ms="2489" started-at="2020-10-27T07:03:10Z" finished-at="2020-10-27T07:03:12Z">
          <reporter-output>
          </reporter-output>
        </test-method> <!-- posted_with_correct_Information -->
        <test-method status="PASS" signature="validate_response_status_code_received()[pri:0, instance:StepsDefinition.TestRunner@3a5d684f]" name="validate_response_status_code_received" duration-ms="12" started-at="2020-10-27T07:03:12Z" finished-at="2020-10-27T07:03:12Z">
          <reporter-output>
          </reporter-output>
        </test-method> <!-- validate_response_status_code_received -->
      </class> <!-- StepsDefinition.TestRunner -->
    </test> <!-- Default test -->
  </suite> <!-- Default suite -->
</testng-results>
