<?xml version="1.0" encoding="UTF-8"?>
<!-- Generated by org.testng.reporters.JUnitXMLReporter -->
<testsuite hostname="DESKTOP-BD2581E" ignored="0" name="Default test" tests="3" failures="0" timestamp="27 Oct 2020 07:03:12 GMT" time="3.297" errors="0">
  <testcase name="api_foreign_exchange" time="0.746" classname="StepsDefinition.AssertNegative"/>
  <testcase name="posted_with_correct_Information" time="2.489" classname="StepsDefinition.AssertNegative"/>
  <testcase name="validate_response_status_code_received" time="0.012" classname="StepsDefinition.AssertNegative"/>
</testsuite> <!-- Default test -->
